<?xml version="1.0" encoding="UTF-8"?>
<testsuite xmlns:xsi="http://www.w3.org/2001/XMLSchema-instance" xsi:noNamespaceSchemaLocation="https://maven.apache.org/surefire/maven-surefire-plugin/xsd/surefire-test-report.xsd" name="jp.te4a.spring.boot.mybootapp5.HelloControllerSpringTest" time="4.345" tests="2" errors="0" skipped="0" failures="0">
  <properties>
[...]
</properties>
  <testcase name="postする" classname="jp.te4a.spring.boot.mybootapp5.HelloControllerSpringTest" time="1.488"/>
  <testcase name="indexにアクセス" classname="jp.te4a.spring.boot.mybootapp5.HelloControllerSpringTest" time="0.512"/>
</testsuite>